<?xml version="1.0" encoding="UTF-8"?>
<testsuite name="Tests" tests="1" skipped="0" failures="0" errors="0" timestamp="2024-03-15T01:50:06" hostname="ERROR-404.fios-router.home" time="0.048">
  <properties/>
  <testcase name="start" classname="Tests" time="0.048"/>
  <system-out><![CDATA[?[1;31m
Start test 1?[0m
Hello! My name is Aid.
I was created in 2023.
Please, remind me your name.
> John
What a great name you have, John!
?[1;31m
Start test 2?[0m
Hello! My name is Aid.
I was created in 2023.
Please, remind me your name.
> Nick
What a great name you have, Nick!
]]></system-out>
  <system-err><![CDATA[]]></system-err>
</testsuite>
